[2025-07-03 21:56:05] INFO:  Preparing to send email to: maheshmurari001@gmail.com
[2025-07-03 21:56:05] DEBUG:  CC List: []
[2025-07-03 21:56:05] DEBUG: Attachments: []
[2025-07-03 21:56:10] INFO: Email sent successfully to: maheshmurari001@gmail.com
[2025-07-03 22:35:33] INFO:  Preparing to send email to: maheshmurari001@gmail.com
[2025-07-03 22:35:33] DEBUG:  CC List: []
[2025-07-03 22:35:33] DEBUG: Attachments: []
[2025-07-03 22:35:39] INFO:  Preparing to send email to: maheshmurari001@gmail.com
[2025-07-03 22:35:39] DEBUG:  CC List: []
[2025-07-03 22:35:39] DEBUG: Attachments: []
[2025-07-03 22:35:41] INFO: Email sent successfully to: maheshmurari001@gmail.com
[2025-07-03 22:35:42] INFO: Email sent successfully to: maheshmurari001@gmail.com
[2025-07-04 20:49:44] INFO:  Preparing to send email to: maheshmurari001@gmail.com
[2025-07-04 20:49:44] DEBUG:  CC List: []
[2025-07-04 20:49:44] DEBUG: Attachments: []
[2025-07-04 20:49:48] INFO: Email sent successfully to: maheshmurari001@gmail.com
[2025-07-04 21:01:29] INFO:  Preparing to send email to: maheshmurari001@gmail.com
[2025-07-04 21:01:29] DEBUG:  CC List: []
[2025-07-04 21:01:29] DEBUG: Attachments: []
[2025-07-04 21:01:32] INFO: Email sent successfully to: maheshmurari001@gmail.com
[2025-07-04 21:13:12] INFO: Received JD to Resumes match request for JD ID: 35
[2025-07-04 21:18:26] INFO:  Preparing to send email to: maheshmurari001@gmail.com
[2025-07-04 21:18:26] DEBUG:  CC List: []
[2025-07-04 21:18:26] DEBUG: Attachments: []
[2025-07-04 21:18:29] INFO: Email sent successfully to: maheshmurari001@gmail.com
[2025-07-04 21:40:56] INFO:  Preparing to send email to: maheshmurari001@gmail.com
[2025-07-04 21:40:56] DEBUG:  CC List: []
[2025-07-04 21:40:56] DEBUG: Attachments: []
[2025-07-04 21:41:00] INFO: Email sent successfully to: maheshmurari001@gmail.com
[2025-07-04 21:43:41] INFO: Matching completed. Returning top 3 profiles.
[2025-07-04 21:43:42] INFO: Matching completed. Returning top 3 profiles.
[2025-07-04 21:43:42] INFO:  Preparing to send email to: maheshmurari001@gmail.com
[2025-07-04 21:43:42] DEBUG:  CC List: []
[2025-07-04 21:43:42] DEBUG: Attachments: []
[2025-07-04 21:43:44] INFO: Matching completed. Returning top 3 profiles.
[2025-07-04 21:43:44] INFO: Matching completed. Returning top 3 profiles.
[2025-07-04 21:43:44] INFO: Matching completed. Returning top 3 profiles.
[2025-07-04 21:43:45] INFO: Matching completed. Returning top 3 profiles.
[2025-07-04 21:43:45] INFO: Email sent successfully to: maheshmurari001@gmail.com
[2025-07-04 21:43:47] INFO: Matching completed. Returning top 3 profiles.
[2025-07-04 21:44:05] INFO: Matching completed. Returning top 3 profiles.
[2025-07-04 21:53:19] INFO: JD-to-Resumes Match Request Received for JD ID: 40
[2025-07-04 21:53:19] INFO: JD-to-Resumes Match Request Received for JD ID: 40
[2025-07-04 21:53:22] INFO: JD-to-Resumes Match Request Received for JD ID: 40
[2025-07-04 21:53:25] INFO: JD-to-Resumes Match Request Received for JD ID: 40
[2025-07-04 21:53:28] INFO: JD-to-Resumes Match Request Received for JD ID: 40
[2025-07-04 21:53:30] INFO: Matching completed. Returning top 3 profiles.
[2025-07-04 21:53:30] INFO:  Preparing to send email to: maheshmurari001@gmail.com
[2025-07-04 21:53:30] DEBUG:  CC List: []
[2025-07-04 21:53:30] DEBUG: Attachments: []
[2025-07-04 21:53:31] INFO: JD-to-Resumes Match Request Received for JD ID: 40
[2025-07-04 21:53:31] INFO: Matching completed. Returning top 3 profiles.
[2025-07-04 21:53:33] INFO: Email sent successfully to: maheshmurari001@gmail.com
[2025-07-04 21:53:33] INFO: Matching completed. Returning top 3 profiles.
[2025-07-04 21:53:34] INFO: Matching completed. Returning top 3 profiles.
[2025-07-04 21:53:34] INFO: Matching completed. Returning top 3 profiles.
[2025-07-04 21:53:35] INFO: Matching completed. Returning top 3 profiles.
[2025-07-04 21:53:36] INFO: JD-to-Resumes Match Request Received for JD ID: 40
[2025-07-04 21:53:39] INFO: Matching completed. Returning top 3 profiles.
[2025-07-04 21:56:10] INFO: JD-to-Resumes Match Request Received for JD ID: 41
[2025-07-04 21:56:10] INFO: JD-to-Resumes Match Request Received for JD ID: 41
[2025-07-04 21:56:13] INFO: JD-to-Resumes Match Request Received for JD ID: 41
[2025-07-04 21:56:16] INFO: JD-to-Resumes Match Request Received for JD ID: 41
[2025-07-04 21:56:19] INFO: JD-to-Resumes Match Request Received for JD ID: 41
[2025-07-04 21:56:22] INFO: Matching completed. Returning top 3 profiles.
[2025-07-04 21:56:23] INFO: Matching completed. Returning top 3 profiles.
[2025-07-04 21:56:23] INFO: Matching completed. Returning top 3 profiles.
[2025-07-04 21:56:24] INFO: Matching completed. Returning top 3 profiles.
[2025-07-04 21:56:24] INFO:  Preparing to send email to: maheshmurari001@gmail.com
[2025-07-04 21:56:24] DEBUG:  CC List: []
[2025-07-04 21:56:24] DEBUG: Attachments: []
[2025-07-04 21:56:25] INFO: Matching completed. Returning top 3 profiles.
[2025-07-04 21:56:27] INFO: Email sent successfully to: maheshmurari001@gmail.com
[2025-07-04 22:05:29] INFO: JD-to-Resumes Match Request Received for JD ID: 42
[2025-07-04 22:05:29] INFO: JD-to-Resumes Match Request Received for JD ID: 42
[2025-07-04 22:05:45] INFO: Matching completed. Returning top 3 profiles.
[2025-07-04 22:05:45] INFO: Matching completed. Returning top 3 profiles.
[2025-07-04 22:06:42] INFO:  Preparing to send email to: maheshmurari001@gmail.com
[2025-07-04 22:06:42] DEBUG:  CC List: ['maheshmurari003@gmail.com']
[2025-07-04 22:06:42] DEBUG: Attachments: ['C:\\Users\\MAHESH MURARI\\Desktop\\RadarX\\backend\\routes\\..\\uploads\\resumes\\Data_Science_Resume.docx', 'C:\\Users\\MAHESH MURARI\\Desktop\\RadarX\\backend\\routes\\..\\uploads\\resumes\\Data_Science_Resume.docx']
[2025-07-04 22:06:42] INFO:  Attachment added: Data_Science_Resume.docx
[2025-07-04 22:06:42] INFO:  Attachment added: Data_Science_Resume.docx
[2025-07-04 22:06:46] INFO: Email sent successfully to: maheshmurari001@gmail.com
[2025-07-04 22:11:06] INFO: JD-to-Resumes Match Request Received for JD ID: 43
[2025-07-04 22:11:06] INFO: JD-to-Resumes Match Request Received for JD ID: 43
[2025-07-04 22:11:23] INFO: Matching completed. Returning top 3 profiles.
[2025-07-04 22:11:24] INFO: Matching completed. Returning top 3 profiles.
[2025-07-04 22:15:00] INFO: JD-to-Resumes Match Request Received for JD ID: 44
[2025-07-04 22:15:00] INFO: JD-to-Resumes Match Request Received for JD ID: 44
[2025-07-04 22:15:15] INFO: Matching completed. Returning top 3 profiles.
[2025-07-04 22:15:16] INFO: Matching completed. Returning top 3 profiles.
[2025-07-04 22:17:07] INFO: JD-to-Resumes Match Request Received for JD ID: 45
[2025-07-04 22:17:07] INFO: JD-to-Resumes Match Request Received for JD ID: 45
[2025-07-04 22:17:25] INFO: Matching completed. Returning top 3 profiles.
[2025-07-04 22:17:26] INFO: Matching completed. Returning top 3 profiles.
[2025-07-04 22:18:37] INFO: JD-to-Resumes Match Request Received for JD ID: 46
[2025-07-04 22:18:37] INFO: JD-to-Resumes Match Request Received for JD ID: 46
[2025-07-04 22:18:50] INFO: Matching completed. Returning top 3 profiles.
[2025-07-04 22:18:54] INFO: Matching completed. Returning top 3 profiles.
[2025-07-04 22:22:01] INFO: JD-to-Resumes Match Request Received for JD ID: 5
[2025-07-04 22:22:17] INFO: Matching completed. Returning top 3 profiles.
[2025-07-04 23:29:17] INFO: JD-to-Resumes Match Request Received for JD ID: 3
[2025-07-04 23:29:17] INFO: JD-to-Resumes Match Request Received for JD ID: 3
[2025-07-04 23:29:31] INFO: Matching completed. Returning top 3 profiles.
[2025-07-04 23:29:38] INFO: Matching completed. Returning top 3 profiles.
[2025-07-04 23:30:29] INFO:  Preparing to send email to: maheshmurari001@gmail.com
[2025-07-04 23:30:29] DEBUG:  CC List: ['addepallinaveenkumar85@gmail.com']
[2025-07-04 23:30:29] DEBUG: Attachments: ['C:\\Users\\MAHESH MURARI\\Desktop\\RadarX\\backend\\routes\\..\\uploads\\resumes\\SDE_Job_Description.pdf']
[2025-07-04 23:30:29] INFO:  Attachment added: SDE_Job_Description.pdf
[2025-07-04 23:30:33] INFO: Email sent successfully to: maheshmurari001@gmail.com
[2025-07-05 12:26:03] INFO: JD-to-Resumes Match Request Received for JD ID: 4
[2025-07-05 12:26:03] INFO: JD-to-Resumes Match Request Received for JD ID: 4
[2025-07-05 12:26:17] INFO: Matching completed. Returning top 3 profiles.
[2025-07-05 12:26:17] INFO: Matching completed. Returning top 3 profiles.
[2025-07-05 15:38:45] INFO: JD-to-Resumes Match Request Received for JD ID: 1
[2025-07-05 15:39:03] INFO: Matching completed. Returning top 3 profiles.
[2025-07-05 15:50:25] INFO: JD-to-Resumes Match Request Received for JD ID: 7
[2025-07-05 15:50:25] INFO: JD-to-Resumes Match Request Received for JD ID: 7
[2025-07-05 15:50:38] INFO: Matching completed. Returning top 3 profiles.
[2025-07-05 15:50:39] INFO: Matching completed. Returning top 3 profiles.
[2025-07-05 16:03:03] INFO: JD-to-Resumes Match Request Received for JD ID: 8
[2025-07-05 16:03:03] INFO: JD-to-Resumes Match Request Received for JD ID: 8
[2025-07-05 16:03:20] INFO: Matching completed. Returning top 3 profiles.
[2025-07-05 16:03:21] INFO: Matching completed. Returning top 3 profiles.
[2025-07-05 19:44:50] INFO: JD-to-Resumes Match Request Received for JD ID: 11
[2025-07-05 19:44:50] INFO: JD-to-Resumes Match Request Received for JD ID: 11
[2025-07-05 19:45:08] INFO: Matching completed. Returning top 3 profiles.
[2025-07-05 19:45:08] INFO: Matching completed. Returning top 3 profiles.
[2025-07-05 19:45:38] INFO:  Preparing to send email to: maheshmurari001@gmail.com
[2025-07-05 19:45:38] DEBUG:  CC List: []
[2025-07-05 19:45:38] DEBUG: Attachments: ['C:\\Users\\MAHESH MURARI\\Desktop\\RadarX\\backend\\routes\\..\\uploads\\resumes\\SDE_Job_Description.pdf']
[2025-07-05 19:45:38] INFO:  Attachment added: SDE_Job_Description.pdf
[2025-07-05 19:45:41] INFO: Email sent successfully to: maheshmurari001@gmail.com
[2025-07-05 20:08:38] INFO: JD-to-Resumes Match Request Received for JD ID: 12
[2025-07-05 20:08:38] INFO: JD-to-Resumes Match Request Received for JD ID: 12
[2025-07-05 20:08:59] INFO: Matching completed. Returning top 3 profiles.
[2025-07-05 20:08:59] INFO: Matching completed. Returning top 3 profiles.
[2025-07-05 20:17:56] INFO: JD-to-Resumes Match Request Received for JD ID: 13
[2025-07-05 20:17:56] INFO: JD-to-Resumes Match Request Received for JD ID: 13
[2025-07-05 20:18:15] INFO: Matching completed. Returning top 3 profiles.
[2025-07-05 20:18:15] INFO: Matching completed. Returning top 3 profiles.
[2025-07-05 20:18:57] INFO:  Preparing to send email to: maheshmurari001@gmail.com
[2025-07-05 20:18:57] DEBUG:  CC List: []
[2025-07-05 20:18:57] DEBUG: Attachments: ['C:\\Users\\MAHESH MURARI\\Desktop\\RadarX\\backend\\routes\\..\\uploads\\resumes\\SDE_Job_Description.pdf']
[2025-07-05 20:18:57] INFO:  Attachment added: SDE_Job_Description.pdf
[2025-07-05 20:19:01] INFO: Email sent successfully to: maheshmurari001@gmail.com
[2025-07-05 21:27:45] INFO: JD-to-Resumes Match Request Received for JD ID: 14
[2025-07-05 21:27:46] INFO: JD-to-Resumes Match Request Received for JD ID: 14
[2025-07-05 21:27:56] INFO: Matching completed. Returning top 3 profiles.
[2025-07-05 21:27:56] INFO: Matching completed. Returning top 3 profiles.
[2025-07-05 22:33:21] INFO: JD-to-Resumes Match Request Received for JD ID: 15
[2025-07-05 22:33:21] INFO: JD-to-Resumes Match Request Received for JD ID: 15
[2025-07-05 22:33:31] INFO: Matching completed. Returning top 3 profiles.
[2025-07-05 22:33:32] INFO: Matching completed. Returning top 3 profiles.
[2025-07-05 22:35:14] INFO: JD-to-Resumes Match Request Received for JD ID: 16
[2025-07-05 22:35:14] INFO: JD-to-Resumes Match Request Received for JD ID: 16
[2025-07-05 22:35:25] INFO: Matching completed. Returning top 3 profiles.
[2025-07-05 22:35:25] INFO: Matching completed. Returning top 3 profiles.
[2025-07-05 22:38:32] INFO: JD-to-Resumes Match Request Received for JD ID: 17
[2025-07-05 22:38:32] INFO: JD-to-Resumes Match Request Received for JD ID: 17
[2025-07-05 22:38:32] INFO: Matching completed. Returning top 3 profiles.
[2025-07-05 22:38:32] INFO: Matching completed. Returning top 3 profiles.
[2025-07-06 02:16:29] INFO: JD-to-Resumes Match Request Received for JD ID: 1
[2025-07-06 02:16:29] INFO: JD-to-Resumes Match Request Received for JD ID: 1
[2025-07-06 02:16:31] INFO: Matching completed. Returning top 3 profiles.
[2025-07-06 02:16:31] INFO: Matching completed. Returning top 3 profiles.
[2025-07-06 02:16:31] INFO:  Preparing to send email to: maheshmurari001@gmail.com
[2025-07-06 02:16:31] DEBUG:  CC List: []
[2025-07-06 02:16:31] DEBUG: Attachments: []
[2025-07-06 02:17:18] INFO: JD-to-Resumes Match Request Received for JD ID: 2
[2025-07-06 02:17:18] INFO: JD-to-Resumes Match Request Received for JD ID: 2
[2025-07-06 02:17:20] INFO: Matching completed. Returning top 3 profiles.
[2025-07-06 02:17:20] INFO: Matching completed. Returning top 3 profiles.
[2025-07-06 02:17:20] INFO:  Preparing to send email to: maheshmurari001@gmail.com
[2025-07-06 02:17:20] DEBUG:  CC List: []
[2025-07-06 02:17:20] DEBUG: Attachments: []
[2025-07-06 02:17:47] INFO: JD-to-Resumes Match Request Received for JD ID: 3
[2025-07-06 02:17:48] INFO: JD-to-Resumes Match Request Received for JD ID: 3
[2025-07-06 02:17:50] INFO: Matching completed. Returning top 3 profiles.
[2025-07-06 02:17:50] INFO: Matching completed. Returning top 3 profiles.
[2025-07-06 02:17:50] INFO:  Preparing to send email to: maheshmurari001@gmail.com
[2025-07-06 02:17:50] DEBUG:  CC List: []
[2025-07-06 02:17:50] DEBUG: Attachments: []
[2025-07-06 02:18:13] INFO: JD-to-Resumes Match Request Received for JD ID: 4
[2025-07-06 02:18:13] INFO: JD-to-Resumes Match Request Received for JD ID: 4
[2025-07-06 02:18:13] INFO: Matching completed. Returning top 3 profiles.
[2025-07-06 02:18:13] INFO:  Preparing to send email to: maheshmurari001@gmail.com
[2025-07-06 02:18:13] DEBUG:  CC List: []
[2025-07-06 02:18:13] DEBUG: Attachments: []
[2025-07-06 02:18:13] INFO: Matching completed. Returning top 3 profiles.
[2025-07-06 02:18:45] INFO: JD-to-Resumes Match Request Received for JD ID: 5
[2025-07-06 02:18:45] INFO: JD-to-Resumes Match Request Received for JD ID: 5
[2025-07-06 02:18:48] INFO: Matching completed. Returning top 3 profiles.
[2025-07-06 02:18:48] INFO: Matching completed. Returning top 3 profiles.
[2025-07-06 02:45:17] INFO: JD-to-Resumes Match Request Received for JD ID: 5
[2025-07-06 02:45:18] INFO: Matching completed. Returning top 3 profiles.
[2025-07-06 02:45:22] INFO: JD-to-Resumes Match Request Received for JD ID: 1
[2025-07-06 02:45:24] INFO: JD-to-Resumes Match Request Received for JD ID: 4
[2025-07-06 02:45:24] INFO: Matching completed. Returning top 3 profiles.
[2025-07-06 02:45:24] INFO: Matching completed. Returning top 3 profiles.
[2025-07-06 02:45:25] INFO: JD-to-Resumes Match Request Received for JD ID: 5
[2025-07-06 02:45:27] INFO: JD-to-Resumes Match Request Received for JD ID: 3
[2025-07-06 02:45:27] INFO: Matching completed. Returning top 3 profiles.
[2025-07-06 02:45:29] INFO: Matching completed. Returning top 3 profiles.
[2025-07-06 02:52:50] INFO: JD-to-Resumes Match Request Received for JD ID: 5
[2025-07-06 02:52:51] INFO: Matching completed. Returning top 3 profiles.
[2025-07-06 02:53:20] INFO: JD-to-Resumes Match Request Received for JD ID: 4
[2025-07-06 02:53:20] INFO: Matching completed. Returning top 3 profiles.
[2025-07-06 02:54:00] INFO:  Preparing to send email to: addepallinaveenkumar85@gmail.com
[2025-07-06 02:54:00] DEBUG:  CC List: []
[2025-07-06 02:54:00] DEBUG: Attachments: []
[2025-07-06 02:54:35] INFO: JD-to-Resumes Match Request Received for JD ID: 1
[2025-07-06 02:54:37] INFO: JD-to-Resumes Match Request Received for JD ID: 1
[2025-07-06 02:54:39] INFO: JD-to-Resumes Match Request Received for JD ID: 2
[2025-07-06 02:54:40] INFO: Matching completed. Returning top 3 profiles.
[2025-07-06 02:54:41] INFO: Matching completed. Returning top 3 profiles.
[2025-07-06 02:54:41] INFO: JD-to-Resumes Match Request Received for JD ID: 1
[2025-07-06 02:54:42] INFO: Matching completed. Returning top 3 profiles.
[2025-07-06 02:54:44] INFO: Matching completed. Returning top 3 profiles.
[2025-07-06 02:54:46] INFO: JD-to-Resumes Match Request Received for JD ID: 2
[2025-07-06 02:54:48] INFO: JD-to-Resumes Match Request Received for JD ID: 3
[2025-07-06 02:54:49] INFO: Matching completed. Returning top 3 profiles.
[2025-07-06 02:54:51] INFO: Matching completed. Returning top 3 profiles.
[2025-07-06 02:54:52] INFO: JD-to-Resumes Match Request Received for JD ID: 2
[2025-07-06 02:54:55] INFO: Matching completed. Returning top 3 profiles.
[2025-07-06 02:55:00] INFO: JD-to-Resumes Match Request Received for JD ID: 3
[2025-07-06 02:55:05] INFO: Matching completed. Returning top 3 profiles.
[2025-07-06 02:55:06] INFO: JD-to-Resumes Match Request Received for JD ID: 5
[2025-07-06 02:55:10] INFO: Matching completed. Returning top 3 profiles.
[2025-07-06 02:55:17] INFO: JD-to-Resumes Match Request Received for JD ID: 4
[2025-07-06 02:55:17] INFO: Matching completed. Returning top 3 profiles.
[2025-07-06 03:05:13] INFO: JD-to-Resumes Match Request Received for JD ID: 5
[2025-07-06 03:05:15] INFO: JD-to-Resumes Match Request Received for JD ID: 3
[2025-07-06 03:05:16] INFO: JD-to-Resumes Match Request Received for JD ID: 2
[2025-07-06 03:05:16] INFO: Matching completed. Returning top 3 profiles.
[2025-07-06 03:05:18] INFO: Matching completed. Returning top 3 profiles.
[2025-07-06 03:05:19] INFO: Matching completed. Returning top 3 profiles.
[2025-07-06 03:06:29] INFO: JD-to-Resumes Match Request Received for JD ID: 6
[2025-07-06 03:06:29] INFO: JD-to-Resumes Match Request Received for JD ID: 6
[2025-07-06 03:06:31] INFO: Matching completed. Returning top 3 profiles.
[2025-07-06 03:06:31] INFO: Matching completed. Returning top 3 profiles.
[2025-07-06 03:06:31] INFO:  Preparing to send email to: maheshmurari001@gmail.com
[2025-07-06 03:06:31] DEBUG:  CC List: []
[2025-07-06 03:06:31] DEBUG: Attachments: []
[2025-07-06 03:07:02] INFO: JD-to-Resumes Match Request Received for JD ID: 6
[2025-07-06 03:07:07] INFO: Matching completed. Returning top 3 profiles.
[2025-07-06 03:07:13] INFO: JD-to-Resumes Match Request Received for JD ID: 1
[2025-07-06 03:07:18] INFO: Matching completed. Returning top 3 profiles.
[2025-07-06 03:07:21] INFO: JD-to-Resumes Match Request Received for JD ID: 4
[2025-07-06 03:07:21] INFO: Matching completed. Returning top 3 profiles.
[2025-07-06 03:07:26] INFO: JD-to-Resumes Match Request Received for JD ID: 2
[2025-07-06 03:07:28] INFO: Matching completed. Returning top 3 profiles.
[2025-07-06 03:07:36] INFO: JD-to-Resumes Match Request Received for JD ID: 4
[2025-07-06 03:07:36] INFO: Matching completed. Returning top 3 profiles.
[2025-07-06 03:07:39] INFO: JD-to-Resumes Match Request Received for JD ID: 3
[2025-07-06 03:07:43] INFO: Matching completed. Returning top 3 profiles.
[2025-07-06 03:07:50] INFO: JD-to-Resumes Match Request Received for JD ID: 5
[2025-07-06 03:07:54] INFO: Matching completed. Returning top 3 profiles.
[2025-07-06 03:07:57] INFO: JD-to-Resumes Match Request Received for JD ID: 6
[2025-07-06 03:08:01] INFO: Matching completed. Returning top 3 profiles.
[2025-07-06 03:08:14] INFO: JD-to-Resumes Match Request Received for JD ID: 5
[2025-07-06 03:08:17] INFO: Matching completed. Returning top 3 profiles.
[2025-07-06 03:08:26] INFO: JD-to-Resumes Match Request Received for JD ID: 1
[2025-07-06 03:08:28] INFO: Matching completed. Returning top 3 profiles.
[2025-07-06 03:08:32] INFO: JD-to-Resumes Match Request Received for JD ID: 3
[2025-07-06 03:08:35] INFO: JD-to-Resumes Match Request Received for JD ID: 6
[2025-07-06 03:08:35] INFO: Matching completed. Returning top 3 profiles.
[2025-07-06 03:08:39] INFO: Matching completed. Returning top 3 profiles.
[2025-07-06 11:02:06] INFO: JD-to-Resumes Match Request Received for JD ID: 1
[2025-07-06 11:02:11] INFO: Matching completed. Returning top 3 profiles.
[2025-07-06 12:43:18] INFO: JD-to-Resumes Match Request Received for JD ID: 1
[2025-07-06 12:43:18] INFO: JD-to-Resumes Match Request Received for JD ID: 1
[2025-07-06 12:43:20] INFO: Matching completed. Returning top 3 profiles.
[2025-07-06 12:43:20] INFO: Matching completed. Returning top 3 profiles.
[2025-07-06 12:44:07] INFO: JD-to-Resumes Match Request Received for JD ID: 2
[2025-07-06 12:44:07] INFO: JD-to-Resumes Match Request Received for JD ID: 2
[2025-07-06 12:44:11] INFO: Matching completed. Returning top 3 profiles.
[2025-07-06 12:44:11] INFO:  Preparing to send email to: maheshmurari001@gmail.com
[2025-07-06 12:44:11] DEBUG:  CC List: []
[2025-07-06 12:44:11] DEBUG: Attachments: []
[2025-07-06 12:44:11] INFO: Matching completed. Returning top 3 profiles.
[2025-07-06 12:44:41] INFO: JD-to-Resumes Match Request Received for JD ID: 3
[2025-07-06 12:44:41] INFO: JD-to-Resumes Match Request Received for JD ID: 3
[2025-07-06 12:44:43] INFO: Matching completed. Returning top 3 profiles.
[2025-07-06 12:44:43] INFO:  Preparing to send email to: maheshmurari001@gmail.com
[2025-07-06 12:44:43] DEBUG:  CC List: []
[2025-07-06 12:44:43] INFO: Matching completed. Returning top 3 profiles.
[2025-07-06 12:44:43] DEBUG: Attachments: []
[2025-07-06 12:45:01] INFO: JD-to-Resumes Match Request Received for JD ID: 4
[2025-07-06 12:45:01] INFO: JD-to-Resumes Match Request Received for JD ID: 4
[2025-07-06 12:45:01] INFO: Matching completed. Returning top 3 profiles.
[2025-07-06 12:45:01] INFO: Matching completed. Returning top 3 profiles.
[2025-07-06 12:45:01] INFO:  Preparing to send email to: maheshmurari001@gmail.com
[2025-07-06 12:45:01] DEBUG:  CC List: []
[2025-07-06 12:45:01] DEBUG: Attachments: []
[2025-07-06 12:45:33] INFO: JD-to-Resumes Match Request Received for JD ID: 1
[2025-07-06 12:45:34] INFO: Matching completed. Returning top 3 profiles.
[2025-07-06 13:22:48] ERROR: Email Error: Connection unexpectedly closed
[2025-07-06 13:22:48] ERROR: Email Error: Connection unexpectedly closed
[2025-07-06 13:22:48] ERROR: Email Error: Connection unexpectedly closed
[2025-07-06 13:23:15] INFO: JD-to-Resumes Match Request Received for JD ID: 2
[2025-07-06 13:23:17] INFO: Matching completed. Returning top 3 profiles.
[2025-07-06 13:23:22] INFO: JD-to-Resumes Match Request Received for JD ID: 1
[2025-07-06 13:23:24] INFO: Matching completed. Returning top 3 profiles.
[2025-07-06 13:23:31] INFO: JD-to-Resumes Match Request Received for JD ID: 2
[2025-07-06 13:23:34] INFO: Matching completed. Returning top 3 profiles.
[2025-07-06 13:23:36] INFO: JD-to-Resumes Match Request Received for JD ID: 3
[2025-07-06 13:23:38] INFO: Matching completed. Returning top 3 profiles.
[2025-07-06 13:23:43] INFO: JD-to-Resumes Match Request Received for JD ID: 1
[2025-07-06 13:23:45] INFO: Matching completed. Returning top 3 profiles.
[2025-07-06 13:23:50] INFO: JD-to-Resumes Match Request Received for JD ID: 4
[2025-07-06 13:23:50] INFO: Matching completed. Returning top 3 profiles.
[2025-07-06 14:11:41] INFO: JD-to-Resumes Match Request Received for JD ID: 1
[2025-07-06 14:11:41] INFO: JD-to-Resumes Match Request Received for JD ID: 1
[2025-07-06 14:11:43] INFO: Matching completed. Returning top 3 profiles.
[2025-07-06 14:11:43] INFO: Matching completed. Returning top 3 profiles.
[2025-07-06 14:12:08] INFO: JD-to-Resumes Match Request Received for JD ID: 2
[2025-07-06 14:12:08] INFO: JD-to-Resumes Match Request Received for JD ID: 2
[2025-07-06 14:12:10] INFO: Matching completed. Returning top 3 profiles.
[2025-07-06 14:12:11] INFO: Matching completed. Returning top 3 profiles.
[2025-07-06 14:12:11] INFO:  Preparing to send email to: maheshmurari001@gmail.com
[2025-07-06 14:12:11] DEBUG:  CC List: []
[2025-07-06 14:12:11] DEBUG: Attachments: []
[2025-07-06 14:12:27] INFO: JD-to-Resumes Match Request Received for JD ID: 3
[2025-07-06 14:12:27] INFO: JD-to-Resumes Match Request Received for JD ID: 3
[2025-07-06 14:12:29] INFO: Matching completed. Returning top 3 profiles.
[2025-07-06 14:12:29] INFO: Matching completed. Returning top 3 profiles.
[2025-07-06 14:12:29] INFO:  Preparing to send email to: maheshmurari001@gmail.com
[2025-07-06 14:12:29] DEBUG:  CC List: []
[2025-07-06 14:12:29] DEBUG: Attachments: []
[2025-07-06 14:12:47] INFO: JD-to-Resumes Match Request Received for JD ID: 4
[2025-07-06 14:12:47] INFO: JD-to-Resumes Match Request Received for JD ID: 4
[2025-07-06 14:12:47] INFO: Matching completed. Returning top 3 profiles.
[2025-07-06 14:12:48] INFO: Matching completed. Returning top 3 profiles.
[2025-07-06 14:12:48] INFO:  Preparing to send email to: maheshmurari001@gmail.com
[2025-07-06 14:12:48] DEBUG:  CC List: []
[2025-07-06 14:12:48] DEBUG: Attachments: []
[2025-07-06 14:13:49] INFO: JD-to-Resumes Match Request Received for JD ID: 1
[2025-07-06 14:13:51] INFO: Matching completed. Returning top 3 profiles.
[2025-07-06 15:05:54] INFO: JD-to-Resumes Match Request Received for JD ID: 2
[2025-07-06 15:05:57] INFO: Matching completed. Returning top 3 profiles.
[2025-07-06 15:06:05] INFO: JD-to-Resumes Match Request Received for JD ID: 1
[2025-07-06 15:06:07] INFO: Matching completed. Returning top 3 profiles.
[2025-07-06 15:21:45] INFO: JD-to-Resumes Match Request Received for JD ID: 1
[2025-07-06 15:21:46] INFO: Matching completed. Returning top 3 profiles.
[2025-07-06 16:08:33] INFO: JD-to-Resumes Match Request Received for JD ID: 1
[2025-07-06 16:08:34] INFO: Matching completed. Returning top 3 profiles.
[2025-07-06 16:08:51] INFO:  Preparing to send email to: addepallinaveenkumar85@gmail.com
[2025-07-06 16:08:52] DEBUG:  CC List: ['maheshmurari001@gmail.com']
[2025-07-06 16:08:52] DEBUG: Attachments: []
[2025-07-06 16:08:55] INFO: Email sent successfully to: addepallinaveenkumar85@gmail.com
[2025-07-06 16:10:25] INFO: JD-to-Resumes Match Request Received for JD ID: 1
[2025-07-06 16:10:26] INFO: Matching completed. Returning top 3 profiles.
[2025-07-06 16:10:39] INFO:  Preparing to send email to: addepallinaveenkumar85@gmail.com
[2025-07-06 16:10:39] DEBUG:  CC List: []
[2025-07-06 16:10:39] DEBUG: Attachments: []
[2025-07-06 16:10:42] INFO: Email sent successfully to: addepallinaveenkumar85@gmail.com
[2025-07-06 16:13:26] INFO: JD-to-Resumes Match Request Received for JD ID: 6
[2025-07-06 16:13:26] INFO: JD-to-Resumes Match Request Received for JD ID: 6
[2025-07-06 16:13:27] INFO: Matching completed. Returning top 3 profiles.
[2025-07-06 16:13:27] INFO: Matching completed. Returning top 3 profiles.
[2025-07-06 16:14:27] INFO:  Preparing to send email to: maheshmurari001@gmail.com
[2025-07-06 16:14:27] DEBUG:  CC List: ['addepallinaveenkumar85@gmail.com']
[2025-07-06 16:14:27] DEBUG: Attachments: []
[2025-07-06 16:14:30] INFO: Email sent successfully to: maheshmurari001@gmail.com
[2025-07-06 16:58:40] INFO: JD-to-Resumes Match Request Received for JD ID: 1
[2025-07-06 16:58:41] INFO: Matching completed. Returning top 3 profiles.
[2025-07-06 17:03:42] INFO: JD-to-Resumes Match Request Received for JD ID: 1
[2025-07-06 17:03:43] INFO: Matching completed. Returning top 3 profiles.
[2025-07-06 17:07:44] INFO:  Preparing to send email to: addepallinaveenkumar85@gmail.com
[2025-07-06 17:07:44] DEBUG:  CC List: []
[2025-07-06 17:07:44] DEBUG: Attachments: []
[2025-07-06 17:07:47] INFO: Email sent successfully to: addepallinaveenkumar85@gmail.com
[2025-07-06 22:26:38] INFO: JD-to-Resumes Match Request Received for JD ID: 7
[2025-07-06 22:26:38] INFO: JD-to-Resumes Match Request Received for JD ID: 7
[2025-07-06 22:26:49] INFO: Matching completed. Returning top 3 profiles.
[2025-07-06 22:26:49] INFO:  Preparing to send email to: maheshmurari001@gmail.com
[2025-07-06 22:26:49] DEBUG:  CC List: []
[2025-07-06 22:26:49] DEBUG: Attachments: []
[2025-07-06 22:26:50] INFO: Matching completed. Returning top 3 profiles.
[2025-07-06 22:26:52] INFO: Email sent successfully to: maheshmurari001@gmail.com
[2025-07-06 22:27:21] INFO: JD-to-Resumes Match Request Received for JD ID: 8
[2025-07-06 22:27:21] INFO: JD-to-Resumes Match Request Received for JD ID: 8
[2025-07-06 22:27:25] INFO: Matching completed. Returning top 3 profiles.
[2025-07-06 22:27:25] INFO: Matching completed. Returning top 3 profiles.
[2025-07-06 22:34:34] INFO: JD-to-Resumes Match Request Received for JD ID: 1
[2025-07-06 22:34:44] INFO: Matching completed. Returning top 3 profiles.
[2025-07-06 22:34:45] INFO: JD-to-Resumes Match Request Received for JD ID: 1
[2025-07-06 22:34:56] INFO: Matching completed. Returning top 3 profiles.
[2025-07-06 22:36:36] INFO:  Preparing to send email to: addepallinaveenkumar85@gmail.com
[2025-07-06 22:36:36] DEBUG:  CC List: ['maheshmurari001@gmail.com']
[2025-07-06 22:36:36] DEBUG: Attachments: []
[2025-07-06 22:36:40] INFO: Email sent successfully to: addepallinaveenkumar85@gmail.com
[2025-07-07 01:42:08] INFO: JD-to-Resumes Match Request Received for JD ID: 1
[2025-07-07 01:42:19] INFO: Matching completed. Returning top 3 profiles.
[2025-07-07 01:52:22] INFO: JD-to-Resumes Match Request Received for JD ID: 1
[2025-07-07 01:52:32] INFO: Matching completed. Returning top 3 profiles.
[2025-07-07 01:52:52] INFO: JD-to-Resumes Match Request Received for JD ID: 8
[2025-07-07 01:53:02] INFO: Matching completed. Returning top 3 profiles.
[2025-07-07 01:53:06] INFO: JD-to-Resumes Match Request Received for JD ID: 7
[2025-07-07 01:53:09] INFO: Matching completed. Returning top 3 profiles.
[2025-07-07 01:53:29] INFO: JD-to-Resumes Match Request Received for JD ID: 8
[2025-07-07 01:53:39] INFO: Matching completed. Returning top 3 profiles.
[2025-07-07 01:55:57] INFO: JD-to-Resumes Match Request Received for JD ID: 7
[2025-07-07 01:56:06] INFO: Matching completed. Returning top 3 profiles.
[2025-07-07 01:56:16] INFO: JD-to-Resumes Match Request Received for JD ID: 8
[2025-07-07 01:56:27] INFO: Matching completed. Returning top 3 profiles.
[2025-07-07 02:20:58] INFO: JD-to-Resumes Match Request Received for JD ID: 1
[2025-07-07 02:21:09] INFO: Matching completed. Returning top 3 profiles.
[2025-07-07 02:23:59] INFO: JD-to-Resumes Match Request Received for JD ID: 8
[2025-07-07 02:24:09] INFO: Matching completed. Returning top 3 profiles.
[2025-07-07 02:27:49] INFO: JD-to-Resumes Match Request Received for JD ID: 2
[2025-07-07 02:28:00] INFO: Matching completed. Returning top 3 profiles.
[2025-07-07 02:28:25] INFO: JD-to-Resumes Match Request Received for JD ID: 8
[2025-07-07 02:28:36] INFO: Matching completed. Returning top 3 profiles.
[2025-07-07 11:08:54] INFO: JD-to-Resumes Match Request Received for JD ID: 1
[2025-07-07 11:09:05] INFO: Matching completed. Returning top 3 profiles.
[2025-07-07 11:30:23] INFO: JD-to-Resumes Match Request Received for JD ID: 2
[2025-07-07 11:30:24] INFO: JD-to-Resumes Match Request Received for JD ID: 1
[2025-07-07 11:30:34] INFO: Matching completed. Returning top 3 profiles.
[2025-07-07 11:30:35] INFO: Matching completed. Returning top 3 profiles.
[2025-07-07 11:35:54] INFO: JD-to-Resumes Match Request Received for JD ID: 2
[2025-07-07 11:35:55] INFO: JD-to-Resumes Match Request Received for JD ID: 1
[2025-07-07 11:36:04] INFO: Matching completed. Returning top 3 profiles.
[2025-07-07 11:36:05] INFO: Matching completed. Returning top 3 profiles.
[2025-07-07 11:36:45] INFO: JD-to-Resumes Match Request Received for JD ID: 2
[2025-07-07 11:36:50] INFO: Matching completed. Returning top 3 profiles.
[2025-07-07 11:37:55] INFO: JD-to-Resumes Match Request Received for JD ID: 1
[2025-07-07 11:38:05] INFO: Matching completed. Returning top 3 profiles.
[2025-07-07 11:39:59] INFO: JD-to-Resumes Match Request Received for JD ID: 6
[2025-07-07 11:40:01] INFO: JD-to-Resumes Match Request Received for JD ID: 1
[2025-07-07 11:40:11] INFO: Matching completed. Returning top 3 profiles.
[2025-07-07 11:40:12] INFO: Matching completed. Returning top 3 profiles.
[2025-07-07 11:43:40] INFO: JD-to-Resumes Match Request Received for JD ID: 2
[2025-07-07 11:43:41] INFO: JD-to-Resumes Match Request Received for JD ID: 1
[2025-07-07 11:43:50] INFO: Matching completed. Returning top 3 profiles.
[2025-07-07 11:43:52] INFO: Matching completed. Returning top 3 profiles.
[2025-07-07 13:35:10] INFO: JD-to-Resumes Match Request Received for JD ID: 1
[2025-07-07 13:35:20] INFO: Matching completed. Returning top 3 profiles.
[2025-07-07 13:47:30] INFO: JD-to-Resumes Match Request Received for JD ID: 4
[2025-07-07 13:47:55] INFO: Matching completed. Returning top 3 profiles.
[2025-07-07 13:48:23] INFO: JD-to-Resumes Match Request Received for JD ID: 6
[2025-07-07 13:48:41] INFO: Matching completed. Returning top 3 profiles.
[2025-07-07 13:48:57] INFO: JD-to-Resumes Match Request Received for JD ID: 3
[2025-07-07 13:49:19] INFO: Matching completed. Returning top 3 profiles.
[2025-07-07 13:49:31] INFO: JD-to-Resumes Match Request Received for JD ID: 2
[2025-07-07 13:49:50] INFO: Matching completed. Returning top 3 profiles.
[2025-07-07 13:51:30] INFO: JD-to-Resumes Match Request Received for JD ID: 1
[2025-07-07 13:51:56] INFO: Matching completed. Returning top 3 profiles.
[2025-07-07 13:52:13] INFO:  Preparing to send email to: addepallinaveenkumar85@gmail.com
[2025-07-07 13:52:13] DEBUG:  CC List: []
[2025-07-07 13:52:13] DEBUG: Attachments: []
[2025-07-07 13:52:16] INFO: Email sent successfully to: addepallinaveenkumar85@gmail.com
[2025-07-07 13:55:27] INFO: JD-to-Resumes Match Request Received for JD ID: 1
[2025-07-07 13:55:54] INFO: Matching completed. Returning top 3 profiles.
[2025-07-07 13:56:28] INFO:  Preparing to send email to: addepallinaveenkumar85@gmail.com
[2025-07-07 13:56:28] DEBUG:  CC List: ['vaibhavchityala21@gmail.com']
[2025-07-07 13:56:28] DEBUG: Attachments: []
[2025-07-07 13:56:32] INFO: Email sent successfully to: addepallinaveenkumar85@gmail.com
[2025-07-07 14:13:44] INFO: JD-to-Resumes Match Request Received for JD ID: 10
[2025-07-07 14:13:44] INFO: JD-to-Resumes Match Request Received for JD ID: 10
[2025-07-07 14:14:11] INFO: Matching completed. Returning top 3 profiles.
[2025-07-07 14:14:11] INFO: Matching completed. Returning top 3 profiles.
[2025-07-07 14:14:11] INFO:  Preparing to send email to: maheshmurari001@gmail.com
[2025-07-07 14:14:11] DEBUG:  CC List: []
[2025-07-07 14:14:11] DEBUG: Attachments: []
[2025-07-07 14:14:16] INFO: Email sent successfully to: maheshmurari001@gmail.com
[2025-07-07 14:15:26] INFO: JD-to-Resumes Match Request Received for JD ID: 11
[2025-07-07 14:15:26] INFO: JD-to-Resumes Match Request Received for JD ID: 11
[2025-07-07 14:15:51] INFO: Matching completed. Returning top 3 profiles.
[2025-07-07 14:15:51] INFO: Matching completed. Returning top 3 profiles.
[2025-07-07 14:15:52] INFO:  Preparing to send email to: maheshmurari001@gmail.com
[2025-07-07 14:15:52] DEBUG:  CC List: []
[2025-07-07 14:15:52] DEBUG: Attachments: []
[2025-07-07 14:15:55] INFO: Email sent successfully to: maheshmurari001@gmail.com
[2025-07-08 12:11:52] INFO: JD-to-Resumes Match Request Received for JD ID: 1
[2025-07-08 12:11:52] INFO: JD-to-Resumes Match Request Received for JD ID: 1
[2025-07-08 12:11:52] INFO: Matching completed. Returning top 2 profiles.
[2025-07-08 12:11:52] INFO: Matching completed. Returning top 2 profiles.
[2025-07-08 12:11:53] INFO:  Preparing to send email to: maheshmurari001@gmail.com
[2025-07-08 12:11:53] DEBUG:  CC List: []
[2025-07-08 12:11:53] DEBUG: Attachments: []
[2025-07-08 12:11:56] INFO: Email sent successfully to: maheshmurari001@gmail.com
[2025-07-08 12:12:18] INFO: JD-to-Resumes Match Request Received for JD ID: 2
[2025-07-08 12:12:19] INFO: Matching completed. Returning top 2 profiles.
[2025-07-08 12:12:52] INFO: JD-to-Resumes Match Request Received for JD ID: 3
[2025-07-08 12:12:52] INFO: JD-to-Resumes Match Request Received for JD ID: 3
[2025-07-08 12:12:52] INFO: Matching completed. Returning top 2 profiles.
[2025-07-08 12:12:52] INFO: Matching completed. Returning top 2 profiles.
[2025-07-08 12:12:52] INFO:  Preparing to send email to: maheshmurari001@gmail.com
[2025-07-08 12:12:52] DEBUG:  CC List: []
[2025-07-08 12:12:52] DEBUG: Attachments: []
[2025-07-08 12:12:55] INFO: Email sent successfully to: maheshmurari001@gmail.com
[2025-07-08 16:27:26] INFO: JD-to-Resumes Match Request Received for JD ID: 1
[2025-07-08 16:27:27] INFO: Matching completed. Returning top 2 profiles.
[2025-07-08 16:51:47] INFO: JD-to-Resumes Match Request Received for JD ID: 4
[2025-07-08 16:51:47] INFO: JD-to-Resumes Match Request Received for JD ID: 4
[2025-07-08 16:51:48] INFO: Matching completed. Returning top 2 profiles.
[2025-07-08 16:51:48] INFO: Matching completed. Returning top 2 profiles.
[2025-07-08 16:51:48] INFO:  Preparing to send email to: maheshmurari001@gmail.com
[2025-07-08 16:51:48] DEBUG:  CC List: []
[2025-07-08 16:51:48] DEBUG: Attachments: []
[2025-07-08 16:51:51] INFO: Email sent successfully to: maheshmurari001@gmail.com
[2025-07-08 17:41:18] INFO: JD-to-Resumes Match Request Received for JD ID: 1
[2025-07-08 17:41:18] INFO: Matching completed. Returning top 2 profiles.
[2025-07-08 17:41:43] INFO: JD-to-Resumes Match Request Received for JD ID: 2
[2025-07-08 17:41:43] INFO: Matching completed. Returning top 2 profiles.
[2025-07-08 17:41:57] INFO: JD-to-Resumes Match Request Received for JD ID: 4
[2025-07-08 17:41:58] INFO: Matching completed. Returning top 2 profiles.
[2025-07-08 17:42:43] INFO: JD-to-Resumes Match Request Received for JD ID: 1
[2025-07-08 17:42:43] INFO: Matching completed. Returning top 2 profiles.
[2025-07-08 17:45:51] INFO: JD-to-Resumes Match Request Received for JD ID: None
[2025-07-08 17:45:51] WARNING:  JD not found with ID: None
[2025-07-08 17:52:36] INFO: JD-to-Resumes Match Request Received for JD ID: 1
[2025-07-08 17:52:36] INFO: Matching completed. Returning top 2 profiles.
[2025-07-08 17:53:00] INFO: JD-to-Resumes Match Request Received for JD ID: 1
[2025-07-08 17:53:00] INFO: Matching completed. Returning top 2 profiles.
[2025-07-08 17:54:46] INFO: JD-to-Resumes Match Request Received for JD ID: 1
[2025-07-08 17:54:46] INFO: Matching completed. Returning top 2 profiles.
[2025-07-08 17:55:55] INFO: JD-to-Resumes Match Request Received for JD ID: 1
[2025-07-08 17:55:55] INFO: Matching completed. Returning top 2 profiles.
[2025-07-08 17:56:01] INFO: JD-to-Resumes Match Request Received for JD ID: 1
[2025-07-08 17:56:01] INFO: Matching completed. Returning top 2 profiles.
[2025-07-08 17:56:10] INFO: JD-to-Resumes Match Request Received for JD ID: 1
[2025-07-08 17:56:10] INFO: Matching completed. Returning top 2 profiles.
[2025-07-08 17:56:23] INFO: JD-to-Resumes Match Request Received for JD ID: 2
[2025-07-08 17:56:23] INFO: Matching completed. Returning top 2 profiles.
[2025-07-08 18:06:44] INFO: JD-to-Resumes Match Request Received for JD ID: 2
[2025-07-08 18:06:44] INFO: Matching completed. Returning top 2 profiles.
[2025-07-08 18:17:24] INFO: JD-to-Resumes Match Request Received for JD ID: 1
[2025-07-08 18:17:24] INFO: Matching completed. Returning top 2 profiles.
[2025-07-08 18:26:06] INFO: JD-to-Resumes Match Request Received for JD ID: 1
[2025-07-08 18:26:07] INFO: Matching completed. Returning top 2 profiles.
[2025-07-08 18:26:18] INFO: JD-to-Resumes Match Request Received for JD ID: 1
[2025-07-08 18:26:18] INFO: Matching completed. Returning top 2 profiles.
[2025-07-08 18:28:40] INFO: JD-to-Resumes Match Request Received for JD ID: 1
[2025-07-08 18:28:40] INFO: Matching completed. Returning top 2 profiles.
[2025-07-08 18:28:58] INFO: JD-to-Resumes Match Request Received for JD ID: 1
[2025-07-08 18:28:59] INFO: Matching completed. Returning top 2 profiles.
[2025-07-08 18:32:57] INFO: JD-to-Resumes Match Request Received for JD ID: 1
[2025-07-08 18:32:57] INFO: Matching completed. Returning top 2 profiles.
[2025-07-08 18:33:15] INFO: JD-to-Resumes Match Request Received for JD ID: 1
[2025-07-08 18:33:15] INFO: Matching completed. Returning top 2 profiles.
[2025-07-08 18:49:23] INFO: JD-to-Resumes Match Request Received for JD ID: 1
[2025-07-08 18:49:24] INFO: Matching completed. Returning top 2 profiles.
[2025-07-08 18:49:40] INFO: JD-to-Resumes Match Request Received for JD ID: 1
[2025-07-08 18:49:40] INFO: Matching completed. Returning top 2 profiles.
[2025-07-08 18:50:13] INFO:  Preparing to send email to: addepallinaveenkumar85@gmail.com
[2025-07-08 18:50:13] DEBUG:  CC List: ['addepallinaveen@gmail.com']
[2025-07-08 18:50:13] DEBUG: Attachments: []
[2025-07-08 18:50:17] INFO: Email sent successfully to: addepallinaveenkumar85@gmail.com
[2025-07-08 18:51:40] INFO: JD-to-Resumes Match Request Received for JD ID: 5
[2025-07-08 18:51:40] INFO: JD-to-Resumes Match Request Received for JD ID: 5
[2025-07-08 18:51:40] INFO: Matching completed. Returning top 2 profiles.
[2025-07-08 18:51:40] INFO: Matching completed. Returning top 2 profiles.
[2025-07-08 18:52:07] INFO: JD-to-Resumes Match Request Received for JD ID: 1
[2025-07-08 18:52:07] INFO: Matching completed. Returning top 2 profiles.
[2025-07-08 18:52:32] INFO: JD-to-Resumes Match Request Received for JD ID: 5
[2025-07-08 18:52:32] INFO: Matching completed. Returning top 2 profiles.
[2025-07-08 18:52:55] INFO:  Preparing to send email to: priyaverma23@gmail.com
[2025-07-08 18:52:55] DEBUG:  CC List: ['naveen@gmail.com']
[2025-07-08 18:52:55] DEBUG: Attachments: []
[2025-07-08 18:52:58] INFO: Email sent successfully to: priyaverma23@gmail.com
[2025-07-09 07:25:58] INFO: JD-to-Resumes Match Request Received for JD ID: 1
[2025-07-09 07:25:58] INFO: Matching completed. Returning top 2 profiles.
[2025-07-09 07:26:24] INFO: JD-to-Resumes Match Request Received for JD ID: 1
[2025-07-09 07:26:25] INFO: Matching completed. Returning top 2 profiles.
[2025-07-09 07:26:32] INFO: JD-to-Resumes Match Request Received for JD ID: 3
[2025-07-09 07:26:33] INFO: Matching completed. Returning top 2 profiles.
[2025-07-09 08:11:45] INFO: JD-to-Resumes Match Request Received for JD ID: 6
[2025-07-09 08:11:45] INFO: JD-to-Resumes Match Request Received for JD ID: 6
[2025-07-09 08:11:51] INFO: Matching completed. Returning top 2 profiles.
[2025-07-09 08:11:51] INFO:  Preparing to send email to: maheshmurari001@gmail.com
[2025-07-09 08:11:51] DEBUG:  CC List: []
[2025-07-09 08:11:51] DEBUG: Attachments: []
[2025-07-09 08:11:51] INFO: Matching completed. Returning top 2 profiles.
[2025-07-09 08:11:54] INFO: Email sent successfully to: maheshmurari001@gmail.com
[2025-07-09 09:41:20] INFO: JD-to-Resumes Match Request Received for JD ID: 8
[2025-07-09 09:41:20] INFO: JD-to-Resumes Match Request Received for JD ID: 8
[2025-07-09 09:41:31] INFO: Matching completed. Returning top 3 profiles.
[2025-07-09 09:41:32] INFO: Matching completed. Returning top 3 profiles.
[2025-07-09 09:41:32] INFO:  Preparing to send email to: maheshmurari001@gmail.com
[2025-07-09 09:41:32] DEBUG:  CC List: []
[2025-07-09 09:41:32] DEBUG: Attachments: []
[2025-07-09 09:41:35] INFO: Email sent successfully to: maheshmurari001@gmail.com
[2025-07-09 12:06:51] INFO: JD-to-Resumes Match Request Received for JD ID: 1
[2025-07-09 12:07:01] INFO: Matching completed. Returning top 3 profiles.
[2025-07-09 12:14:15] INFO: JD-to-Resumes Match Request Received for JD ID: 1
[2025-07-09 12:14:24] INFO: Matching completed. Returning top 3 profiles.
[2025-07-09 12:14:42] INFO: JD-to-Resumes Match Request Received for JD ID: 2
[2025-07-09 12:14:51] INFO: Matching completed. Returning top 3 profiles.
[2025-07-09 12:15:24] INFO: JD-to-Resumes Match Request Received for JD ID: 3
[2025-07-09 12:15:33] INFO: Matching completed. Returning top 3 profiles.
[2025-07-09 12:15:58] INFO: JD-to-Resumes Match Request Received for JD ID: 5
[2025-07-09 12:16:08] INFO: Matching completed. Returning top 3 profiles.
[2025-07-09 12:19:13] INFO: JD-to-Resumes Match Request Received for JD ID: 1
[2025-07-09 12:19:22] INFO: Matching completed. Returning top 3 profiles.
[2025-07-09 12:22:20] INFO: JD-to-Resumes Match Request Received for JD ID: 1
[2025-07-09 12:22:30] INFO: Matching completed. Returning top 3 profiles.
[2025-07-09 12:30:54] INFO: JD-to-Resumes Match Request Received for JD ID: 1
[2025-07-09 12:31:03] INFO: Matching completed. Returning top 3 profiles.
[2025-07-09 12:31:21] INFO: JD-to-Resumes Match Request Received for JD ID: 5
[2025-07-09 12:31:31] INFO: Matching completed. Returning top 3 profiles.
[2025-07-09 12:33:38] INFO: JD-to-Resumes Match Request Received for JD ID: 5
[2025-07-09 12:33:48] INFO: Matching completed. Returning top 3 profiles.
[2025-07-09 13:41:22] INFO: JD-to-Resumes Match Request Received for JD ID: 9
[2025-07-09 13:41:22] INFO: Using match threshold: 0.31
[2025-07-09 13:41:22] INFO: JD-to-Resumes Match Request Received for JD ID: 9
[2025-07-09 13:41:22] INFO: Using match threshold: 0.31
[2025-07-09 13:41:32] INFO: Matching completed. Returning top 3 profiles.
[2025-07-09 13:41:33] INFO: Matching completed. Returning top 3 profiles.
[2025-07-09 13:41:33] INFO:  Preparing to send email to: maheshmurari001@gmail.com
[2025-07-09 13:41:33] DEBUG:  CC List: []
[2025-07-09 13:41:33] DEBUG: Attachments: []
[2025-07-09 13:41:36] INFO: Email sent successfully to: maheshmurari001@gmail.com
[2025-07-09 13:43:11] INFO: JD-to-Resumes Match Request Received for JD ID: 10
[2025-07-09 13:43:11] INFO: Using match threshold: 0.95
[2025-07-09 13:43:11] DEBUG: Skipping profile 1 due to low score 0.31237559254584113
[2025-07-09 13:43:11] DEBUG: Skipping profile 2 due to low score 0.4659567528100879
[2025-07-09 13:43:11] DEBUG: Skipping profile 3 due to low score 0.31237559254584113
[2025-07-09 13:43:11] INFO: JD-to-Resumes Match Request Received for JD ID: 10
[2025-07-09 13:43:11] INFO: Matching completed. Returning top 0 profiles.
[2025-07-09 13:43:11] INFO: Using match threshold: 0.95
[2025-07-09 13:43:11] DEBUG: Skipping profile 1 due to low score 0.31237559254584113
[2025-07-09 13:43:11] DEBUG: Skipping profile 2 due to low score 0.4659567528100879
[2025-07-09 13:43:11] DEBUG: Skipping profile 3 due to low score 0.31237559254584113
[2025-07-09 13:43:11] INFO: Matching completed. Returning top 0 profiles.
[2025-07-09 13:44:41] INFO: JD-to-Resumes Match Request Received for JD ID: 11
[2025-07-09 13:44:41] INFO: Using match threshold: 0.13
[2025-07-09 13:44:41] INFO: JD-to-Resumes Match Request Received for JD ID: 11
[2025-07-09 13:44:41] INFO: Using match threshold: 0.13
[2025-07-09 13:44:51] INFO: Matching completed. Returning top 3 profiles.
[2025-07-09 13:44:51] INFO:  Preparing to send email to: maheshmurari001@gmail.com
[2025-07-09 13:44:51] DEBUG:  CC List: []
[2025-07-09 13:44:51] DEBUG: Attachments: []
[2025-07-09 13:44:51] INFO: Matching completed. Returning top 3 profiles.
[2025-07-09 13:44:54] INFO: Email sent successfully to: maheshmurari001@gmail.com
[2025-07-09 13:45:58] INFO: JD-to-Resumes Match Request Received for JD ID: 12
[2025-07-09 13:45:58] INFO: Using match threshold: 0.59
[2025-07-09 13:45:58] DEBUG: Skipping profile 1 due to low score 0.31237559254584113
[2025-07-09 13:45:58] DEBUG: Skipping profile 2 due to low score 0.4659567528100879
[2025-07-09 13:45:58] DEBUG: Skipping profile 3 due to low score 0.31237559254584113
[2025-07-09 13:45:58] INFO: JD-to-Resumes Match Request Received for JD ID: 12
[2025-07-09 13:45:58] INFO: Matching completed. Returning top 0 profiles.
[2025-07-09 13:45:58] INFO: Using match threshold: 0.59
[2025-07-09 13:45:58] DEBUG: Skipping profile 1 due to low score 0.31237559254584113
[2025-07-09 13:45:58] DEBUG: Skipping profile 2 due to low score 0.4659567528100879
[2025-07-09 13:45:58] DEBUG: Skipping profile 3 due to low score 0.31237559254584113
[2025-07-09 13:45:58] INFO: Matching completed. Returning top 0 profiles.
[2025-07-09 13:47:04] INFO: JD-to-Resumes Match Request Received for JD ID: 13
[2025-07-09 13:47:04] INFO: Using match threshold: 0.35
[2025-07-09 13:47:04] DEBUG: Skipping profile 1 due to low score 0.31237559254584113
[2025-07-09 13:47:04] INFO: JD-to-Resumes Match Request Received for JD ID: 13
[2025-07-09 13:47:04] INFO: Using match threshold: 0.35
[2025-07-09 13:47:04] DEBUG: Skipping profile 1 due to low score 0.31237559254584113
[2025-07-09 13:47:07] DEBUG: Skipping profile 3 due to low score 0.31237559254584113
[2025-07-09 13:47:07] INFO: Matching completed. Returning top 1 profiles.
[2025-07-09 13:47:07] DEBUG: Skipping profile 3 due to low score 0.31237559254584113
[2025-07-09 13:47:07] INFO: Matching completed. Returning top 1 profiles.
[2025-07-09 13:47:07] INFO:  Preparing to send email to: maheshmurari001@gmail.com
[2025-07-09 13:47:07] DEBUG:  CC List: []
[2025-07-09 13:47:07] DEBUG: Attachments: []
[2025-07-09 13:47:10] INFO: Email sent successfully to: maheshmurari001@gmail.com
[2025-07-09 14:28:36] INFO: JD-to-Resumes Match Request Received for JD ID: 14
[2025-07-09 14:28:36] INFO: JD-to-Resumes Match Request Received for JD ID: 14
[2025-07-09 14:28:47] INFO: Matching completed. Returning top 3 profiles.
[2025-07-09 14:28:47] INFO:  Preparing to send email to: ab@gmail.com
[2025-07-09 14:28:47] DEBUG:  CC List: []
[2025-07-09 14:28:47] DEBUG: Attachments: []
[2025-07-09 14:28:47] INFO: Matching completed. Returning top 3 profiles.
[2025-07-09 14:28:50] INFO: Email sent successfully to: ab@gmail.com
[2025-07-09 14:38:42] INFO: JD-to-Resumes Match Request Received for JD ID: 15
[2025-07-09 14:38:52] INFO: Matching completed. Returning top 3 profiles.
[2025-07-09 14:57:07] INFO: JD-to-Resumes Match Request Received for JD ID: 16
[2025-07-09 14:57:07] INFO: JD-to-Resumes Match Request Received for JD ID: 16
[2025-07-09 14:57:20] INFO: Matching completed. Returning top 3 profiles.
[2025-07-09 14:57:20] INFO: Matching completed. Returning top 3 profiles.
[2025-07-09 14:57:21] INFO:  Preparing to send email to: maheshmurari001@gmail.com
[2025-07-09 14:57:21] DEBUG:  CC List: []
[2025-07-09 14:57:21] DEBUG: Attachments: []
[2025-07-09 14:57:24] INFO: Email sent successfully to: maheshmurari001@gmail.com
[2025-07-09 15:04:37] INFO: JD-to-Resumes Match Request Received for JD ID: 17
[2025-07-09 15:04:37] INFO: JD-to-Resumes Match Request Received for JD ID: 17
[2025-07-09 15:04:50] INFO: Matching completed. Returning top 3 profiles.
[2025-07-09 15:04:51] INFO: Matching completed. Returning top 3 profiles.
[2025-07-09 15:04:51] INFO:  Preparing to send email to: maheshmurari001@gmail.com
[2025-07-09 15:04:51] DEBUG:  CC List: []
[2025-07-09 15:04:51] DEBUG: Attachments: []
[2025-07-09 15:04:54] INFO: Email sent successfully to: maheshmurari001@gmail.com
[2025-07-09 15:06:43] INFO: JD-to-Resumes Match Request Received for JD ID: 18
[2025-07-09 15:06:43] INFO: JD-to-Resumes Match Request Received for JD ID: 18
[2025-07-09 15:06:55] INFO: Matching completed. Returning top 3 profiles.
[2025-07-09 15:06:55] INFO: Matching completed. Returning top 3 profiles.
[2025-07-09 15:19:33] INFO: JD-to-Resumes Match Request Received for JD ID: 19
[2025-07-09 15:19:34] INFO: JD-to-Resumes Match Request Received for JD ID: 19
[2025-07-09 15:19:47] INFO: Matching completed. Returning top 3 profiles.
[2025-07-09 15:19:47] INFO: Matching completed. Returning top 3 profiles.
[2025-07-09 15:48:52] INFO: JD-to-Resumes Match Request Received for JD ID: 23
[2025-07-09 15:48:52] INFO: JD-to-Resumes Match Request Received for JD ID: 23
[2025-07-09 15:49:14] INFO: Matching completed. Returning top 3 profiles.
[2025-07-09 15:49:15] INFO: Matching completed. Returning top 3 profiles.
[2025-07-09 15:54:56] INFO: JD-to-Resumes Match Request Received for JD ID: 1
[2025-07-09 15:55:21] INFO: Matching completed. Returning top 3 profiles.
[2025-07-09 15:55:40] INFO: JD-to-Resumes Match Request Received for JD ID: 5
[2025-07-09 15:55:52] INFO: Matching completed. Returning top 3 profiles.
[2025-07-09 15:56:21] INFO:  Preparing to send email to: priyaverma23@gmail.com
[2025-07-09 15:56:21] DEBUG:  CC List: []
[2025-07-09 15:56:21] DEBUG: Attachments: []
[2025-07-09 15:56:25] INFO: Email sent successfully to: priyaverma23@gmail.com
[2025-07-09 15:56:46] INFO:  Preparing to send email to: priyaverma23@gmail.com
[2025-07-09 15:56:46] DEBUG:  CC List: ['addepallinaveenkumar85@gmail.com']
[2025-07-09 15:56:46] DEBUG: Attachments: []
[2025-07-09 15:56:49] INFO: Email sent successfully to: priyaverma23@gmail.com
[2025-07-09 16:04:20] INFO: JD-to-Resumes Match Request Received for JD ID: 24
[2025-07-09 16:04:20] INFO: JD-to-Resumes Match Request Received for JD ID: 24
[2025-07-09 16:04:34] INFO: Matching completed. Returning top 3 profiles.
[2025-07-09 16:04:34] INFO: Matching completed. Returning top 3 profiles.
[2025-07-09 16:04:34] INFO:  Preparing to send email to: maheshmurari001@gmail.com
[2025-07-09 16:04:34] DEBUG:  CC List: []
[2025-07-09 16:04:34] DEBUG: Attachments: []
[2025-07-09 16:04:37] INFO: Email sent successfully to: maheshmurari001@gmail.com
