2025-07-07 14:11:47,388 - INFO - Login attempt for email: addepallinaveenkumar85@gmail.com
2025-07-07 14:11:47,471 - INFO - Login successful for email: addepallinaveenkumar85@gmail.com
2025-07-07 14:11:48,294 - INFO - Login attempt for email: addepallinaveenkumar85@gmail.com
2025-07-07 14:11:48,297 - INFO - Login successful for email: addepallinaveenkumar85@gmail.com
2025-07-07 14:11:52,013 - INFO - Login attempt for email: addepallinaveenkumar85@gmail.com
2025-07-07 14:11:52,015 - INFO - Login successful for email: addepallinaveenkumar85@gmail.com
2025-07-07 14:12:33,858 - INFO - Login attempt for email: maheshmurari001@gmail.com
2025-07-07 14:12:33,861 - INFO - Login successful for email: maheshmurari001@gmail.com
2025-07-07 14:14:54,993 - INFO - Login attempt for email: maheshmurari001@gmail.com
2025-07-07 14:14:54,995 - INFO - Login successful for email: maheshmurari001@gmail.com
2025-07-07 14:59:28,464 - INFO - Login attempt for email: addepallinaveenkumar85@gmail.com
2025-07-07 14:59:28,490 - INFO - Login successful for email: addepallinaveenkumar85@gmail.com
2025-07-08 10:16:24,903 - INFO - Login attempt for email: addepallinaveenkumar85@gmail.com
2025-07-08 10:16:24,951 - INFO - Login successful for email: addepallinaveenkumar85@gmail.com
2025-07-08 11:23:12,284 - INFO - Login attempt for email: addepallinaveenkumar85@gmail.com
2025-07-08 11:23:12,673 - INFO - Login successful for email: addepallinaveenkumar85@gmail.com
2025-07-08 11:37:58,454 - INFO - Login attempt for email: addepallinaveenkumar85@gmail.com
2025-07-08 11:37:58,461 - INFO - Login successful for email: addepallinaveenkumar85@gmail.com
2025-07-08 11:38:02,264 - INFO - Login attempt for email: addepallinaveenkumar85@gmail.com
2025-07-08 11:38:02,265 - INFO - Login successful for email: addepallinaveenkumar85@gmail.com
2025-07-08 12:11:23,185 - INFO - Login attempt for email: maheshmurari001@gmail.com
2025-07-08 12:11:23,191 - INFO - Login successful for email: maheshmurari001@gmail.com
2025-07-08 12:13:04,603 - INFO - Login attempt for email: addepallinaveenkumar85@gmail.com
2025-07-08 12:13:04,606 - INFO - Login successful for email: addepallinaveenkumar85@gmail.com
2025-07-08 12:13:10,101 - INFO - Login attempt for email: addepallinaveenkumar85@gmail.com
2025-07-08 12:13:10,103 - INFO - Login successful for email: addepallinaveenkumar85@gmail.com
2025-07-08 16:27:10,790 - INFO - Login attempt for email: addepallinaveenkumar85@gmail.com
2025-07-08 16:27:10,876 - INFO - Login successful for email: addepallinaveenkumar85@gmail.com
2025-07-08 16:46:06,425 - INFO - Login attempt for email: maheshmurari001@gmail.com
2025-07-08 16:46:06,428 - INFO - Login successful for email: maheshmurari001@gmail.com
2025-07-08 17:18:20,120 - INFO - Login attempt for email: maheshmurari001@gmail.com
2025-07-08 17:18:20,129 - INFO - Login successful for email: maheshmurari001@gmail.com
2025-07-08 17:41:12,599 - INFO - Login attempt for email: addepallinaveenkumar85@gmail.com
2025-07-08 17:41:13,165 - INFO - Login successful for email: addepallinaveenkumar85@gmail.com
2025-07-08 17:52:55,798 - INFO - Login attempt for email: addepallinaveenkumar85@gmail.com
2025-07-08 17:52:55,800 - INFO - Login successful for email: addepallinaveenkumar85@gmail.com
2025-07-08 18:17:20,865 - INFO - Login attempt for email: addepallinaveenkumar85@gmail.com
2025-07-08 18:17:20,873 - INFO - Login successful for email: addepallinaveenkumar85@gmail.com
2025-07-08 18:28:54,630 - INFO - Login attempt for email: addepallinaveenkumar85@gmail.com
2025-07-08 18:28:54,633 - INFO - Login successful for email: addepallinaveenkumar85@gmail.com
2025-07-08 18:33:11,157 - INFO - Login attempt for email: addepallinaveenkumar85@gmail.com
2025-07-08 18:33:11,162 - INFO - Login successful for email: addepallinaveenkumar85@gmail.com
2025-07-08 18:49:36,248 - INFO - Login attempt for email: addepallinaveenkumar85@gmail.com
2025-07-08 18:49:36,252 - INFO - Login successful for email: addepallinaveenkumar85@gmail.com
2025-07-08 18:51:05,379 - INFO - Login attempt for email: maheshmurari001@gmail.com
2025-07-08 18:51:05,382 - INFO - Login successful for email: maheshmurari001@gmail.com
2025-07-08 18:52:00,806 - INFO - Login attempt for email: addepallinaveenkumar85@gmail.com
2025-07-08 18:52:00,809 - INFO - Login successful for email: addepallinaveenkumar85@gmail.com
2025-07-08 18:52:18,151 - INFO - Login attempt for email: addepallinaveenkumar85@gmail.com
2025-07-08 18:52:18,153 - INFO - Login successful for email: addepallinaveenkumar85@gmail.com
2025-07-08 18:52:21,908 - INFO - Login attempt for email: addepallinaveenkumar85@gmail.com
2025-07-08 18:52:21,910 - INFO - Login successful for email: addepallinaveenkumar85@gmail.com
2025-07-09 07:25:51,635 - INFO - Login attempt for email: addepallinaveenkumar85@gmail.com
2025-07-09 07:25:51,679 - INFO - Login successful for email: addepallinaveenkumar85@gmail.com
2025-07-09 07:36:46,977 - INFO - Login attempt for email: addepallinaveenkumar85@gmail.com
2025-07-09 07:36:46,981 - INFO - Login successful for email: addepallinaveenkumar85@gmail.com
2025-07-09 07:39:05,667 - INFO - Login attempt for email: addepallinaveenkumar85@gmail.com
2025-07-09 07:39:05,674 - INFO - Login successful for email: addepallinaveenkumar85@gmail.com
2025-07-09 07:39:09,363 - INFO - Login attempt for email: addepallinaveenkumar85@gmail.com
2025-07-09 07:39:09,365 - INFO - Login successful for email: addepallinaveenkumar85@gmail.com
2025-07-09 07:49:15,906 - INFO - Login attempt for email: addepallinaveenkumar85@gmail.com
2025-07-09 07:49:15,909 - INFO - Login successful for email: addepallinaveenkumar85@gmail.com
2025-07-09 07:49:19,415 - INFO - Login attempt for email: addepallinaveenkumar85@gmail.com
2025-07-09 07:49:19,416 - INFO - Login successful for email: addepallinaveenkumar85@gmail.com
2025-07-09 07:51:15,593 - INFO - Login attempt for email: addepallinaveenkumar85@gmail.com
2025-07-09 07:51:15,595 - INFO - Login successful for email: addepallinaveenkumar85@gmail.com
2025-07-09 07:51:19,972 - INFO - Login attempt for email: addepallinaveenkumar85@gmail.com
2025-07-09 07:51:19,973 - INFO - Login successful for email: addepallinaveenkumar85@gmail.com
2025-07-09 07:53:28,719 - INFO - Login attempt for email: addepallinaveenkumar85@gmail.com
2025-07-09 07:53:28,721 - INFO - Login successful for email: addepallinaveenkumar85@gmail.com
2025-07-09 07:55:37,224 - INFO - Login attempt for email: addepallinaveenkumar85@gmail.com
2025-07-09 07:55:37,226 - WARNING - Login failed: Incorrect password for email addepallinaveenkumar85@gmail.com
2025-07-09 07:55:51,139 - INFO - Login attempt for email: addepallinaveenkumar85@gmail.com
2025-07-09 07:55:51,141 - INFO - Login successful for email: addepallinaveenkumar85@gmail.com
2025-07-09 07:56:12,787 - INFO - Login attempt for email: maheshmurari001@gmail.com
2025-07-09 07:56:12,789 - INFO - Login successful for email: maheshmurari001@gmail.com
2025-07-09 07:58:51,714 - INFO - Login attempt for email: maheshmurari001@gmail.com
2025-07-09 07:58:51,716 - INFO - Login successful for email: maheshmurari001@gmail.com
2025-07-09 07:59:00,597 - INFO - Login attempt for email: maheshmurari001@gmail.com
2025-07-09 07:59:00,599 - INFO - Login successful for email: maheshmurari001@gmail.com
2025-07-09 07:59:15,673 - INFO - Login attempt for email: addepallinaveenkumar85@gmail.com
2025-07-09 07:59:15,677 - INFO - Login successful for email: addepallinaveenkumar85@gmail.com
2025-07-09 07:59:44,140 - INFO - Login attempt for email: ab@gmail.com
2025-07-09 07:59:44,142 - INFO - Login successful for email: ab@gmail.com
2025-07-09 08:04:21,203 - INFO - Login attempt for email: addepallinaveenkumar85@gmail.com
2025-07-09 08:04:21,207 - INFO - Login successful for email: addepallinaveenkumar85@gmail.com
2025-07-09 08:04:38,451 - INFO - Login attempt for email: ab@gmail.com
2025-07-09 08:04:38,452 - INFO - Login successful for email: ab@gmail.com
2025-07-09 08:07:51,135 - INFO - Login attempt for email: ab@gmail.com
2025-07-09 08:07:51,138 - INFO - Login successful for email: ab@gmail.com
2025-07-09 08:11:06,610 - INFO - Login attempt for email: maheshmurari001@gmail.com
2025-07-09 08:11:06,612 - INFO - Login successful for email: maheshmurari001@gmail.com
2025-07-09 08:11:08,572 - INFO - Login attempt for email: maheshmurari001@gmail.com
2025-07-09 08:11:08,574 - INFO - Login successful for email: maheshmurari001@gmail.com
2025-07-09 08:55:24,484 - INFO - Login attempt for email: addepallinaveenkumar85@gmail.com
2025-07-09 08:55:24,488 - INFO - Login successful for email: addepallinaveenkumar85@gmail.com
2025-07-09 08:55:41,227 - INFO - Login attempt for email: addepallinaveenkumar85@gmail.com
2025-07-09 08:55:41,230 - INFO - Login successful for email: addepallinaveenkumar85@gmail.com
2025-07-09 08:55:45,764 - INFO - Login attempt for email: addepallinaveenkumar85@gmail.com
2025-07-09 08:55:45,766 - INFO - Login successful for email: addepallinaveenkumar85@gmail.com
2025-07-09 09:41:04,477 - INFO - Login attempt for email: addepallinaveenkumar85@gmail.com
2025-07-09 09:41:04,482 - INFO - Login successful for email: addepallinaveenkumar85@gmail.com
2025-07-09 09:41:08,906 - INFO - Login attempt for email: maheshmurari001@gmail.com
2025-07-09 09:41:08,908 - INFO - Login successful for email: maheshmurari001@gmail.com
2025-07-09 09:53:54,239 - INFO - Login attempt for email: addepallinaveenkumar85@gmail.com
2025-07-09 09:53:54,242 - INFO - Login successful for email: addepallinaveenkumar85@gmail.com
2025-07-09 10:27:40,372 - INFO - Login attempt for email: addepallinaveenkumar85@gmail.com
2025-07-09 10:27:40,375 - INFO - Login successful for email: addepallinaveenkumar85@gmail.com
2025-07-09 10:35:31,328 - INFO - Login attempt for email: addepallinaveenkumar85@gmail.com
2025-07-09 10:35:31,333 - INFO - Login successful for email: addepallinaveenkumar85@gmail.com
2025-07-09 10:36:33,999 - INFO - Login attempt for email: addepallinaveenkumar85@gmail.com
2025-07-09 10:36:34,001 - INFO - Login successful for email: addepallinaveenkumar85@gmail.com
2025-07-09 10:41:08,342 - INFO - Login attempt for email: addepallinaveenkumar85@gmail.com
2025-07-09 10:41:08,346 - INFO - Login successful for email: addepallinaveenkumar85@gmail.com
2025-07-09 10:41:12,213 - INFO - Login attempt for email: addepallinaveenkumar85@gmail.com
2025-07-09 10:41:12,215 - INFO - Login successful for email: addepallinaveenkumar85@gmail.com
2025-07-09 10:45:04,780 - INFO - Login attempt for email: addepallinaveenkumar85@gmail.com
2025-07-09 10:45:04,783 - INFO - Login successful for email: addepallinaveenkumar85@gmail.com
2025-07-09 12:00:49,571 - INFO - Login attempt for email: addepallinaveenkumar85@gmail.com
2025-07-09 12:00:49,652 - INFO - Login successful for email: addepallinaveenkumar85@gmail.com
2025-07-09 12:04:47,286 - INFO - Login attempt for email: addepallinaveenkumar85@gmail.com
2025-07-09 12:04:47,289 - INFO - Login successful for email: addepallinaveenkumar85@gmail.com
2025-07-09 12:06:46,971 - INFO - Login attempt for email: addepallinaveenkumar85@gmail.com
2025-07-09 12:06:46,974 - INFO - Login successful for email: addepallinaveenkumar85@gmail.com
2025-07-09 12:41:04,860 - INFO - Login attempt for email: addepallinaveenkumar85@gmail.com
2025-07-09 12:41:04,863 - INFO - Login successful for email: addepallinaveenkumar85@gmail.com
2025-07-09 12:42:29,881 - INFO - Login attempt for email: ab@gmail.com
2025-07-09 12:42:29,883 - INFO - Login successful for email: ab@gmail.com
2025-07-09 13:41:09,719 - INFO - Login attempt for email: maheshmurari001@gmail.com
2025-07-09 13:41:09,724 - INFO - Login successful for email: maheshmurari001@gmail.com
2025-07-09 13:42:04,548 - INFO - Login attempt for email: maheshmurari001@gmail.com
2025-07-09 13:42:04,550 - INFO - Login successful for email: maheshmurari001@gmail.com
2025-07-09 13:42:21,202 - INFO - Login attempt for email: maheshmurari001@gmail.com
2025-07-09 13:42:21,204 - INFO - Login successful for email: maheshmurari001@gmail.com
2025-07-09 13:42:33,816 - INFO - Login attempt for email: ab@gmail.com
2025-07-09 13:42:33,820 - INFO - Login successful for email: ab@gmail.com
2025-07-09 13:42:59,308 - INFO - Login attempt for email: maheshmurari001@gmail.com
2025-07-09 13:42:59,311 - INFO - Login successful for email: maheshmurari001@gmail.com
2025-07-09 13:44:01,653 - INFO - Login attempt for email: ab@gmail.com
2025-07-09 13:44:01,654 - INFO - Login successful for email: ab@gmail.com
2025-07-09 13:44:34,336 - INFO - Login attempt for email: maheshmurari001@gmail.com
2025-07-09 13:44:34,339 - INFO - Login successful for email: maheshmurari001@gmail.com
2025-07-09 13:45:11,506 - INFO - Login attempt for email: maheshmurari001@gmail.com
2025-07-09 13:45:11,508 - INFO - Login successful for email: maheshmurari001@gmail.com
2025-07-09 13:45:25,734 - INFO - Login attempt for email: ab@gmail.com
2025-07-09 13:45:25,737 - INFO - Login successful for email: ab@gmail.com
2025-07-09 13:45:51,374 - INFO - Login attempt for email: maheshmurari001@gmail.com
2025-07-09 13:45:51,380 - INFO - Login successful for email: maheshmurari001@gmail.com
2025-07-09 13:46:34,300 - INFO - Login attempt for email: ab@gmail.com
2025-07-09 13:46:34,302 - INFO - Login successful for email: ab@gmail.com
2025-07-09 13:46:57,653 - INFO - Login attempt for email: maheshmurari001@gmail.com
2025-07-09 13:46:57,656 - INFO - Login successful for email: maheshmurari001@gmail.com
2025-07-09 14:27:46,759 - INFO - Login attempt for email: maheshmurari001@gmail.com
2025-07-09 14:27:47,217 - INFO - Login attempt for email: ab@gmail.com
2025-07-09 14:27:47,244 - INFO - Login successful for email: ab@gmail.com
2025-07-09 14:27:47,246 - INFO - Login successful for email: maheshmurari001@gmail.com
2025-07-09 14:28:10,651 - INFO - Login attempt for email: ab@gmail.com
2025-07-09 14:28:10,654 - INFO - Login successful for email: ab@gmail.com
2025-07-09 14:39:25,287 - INFO - Login attempt for email: maheshmurari001@gmail.com
2025-07-09 14:39:25,290 - INFO - Login successful for email: maheshmurari001@gmail.com
2025-07-09 15:06:35,741 - INFO - Login attempt for email: maheshmurari001@gmail.com
2025-07-09 15:06:35,747 - INFO - Login successful for email: maheshmurari001@gmail.com
2025-07-09 15:16:54,388 - INFO - Login attempt for email: addepallinaveenkumar85@gmail.com
2025-07-09 15:16:54,393 - INFO - Login successful for email: addepallinaveenkumar85@gmail.com
2025-07-09 15:19:02,519 - INFO - Login attempt for email: maheshmurari001@gmail.com
2025-07-09 15:19:02,524 - INFO - Login successful for email: maheshmurari001@gmail.com
2025-07-09 15:21:57,698 - INFO - Login attempt for email: addepallinaveenkumar85@gmail.com
2025-07-09 15:21:57,701 - INFO - Login successful for email: addepallinaveenkumar85@gmail.com
2025-07-09 15:47:00,929 - INFO - Login attempt for email: mahesmurari001@gmail.com
2025-07-09 15:47:00,933 - WARNING - Login failed: User with email mahesmurari001@gmail.com not found
2025-07-09 15:47:57,682 - INFO - Login attempt for email: mahesmurari001@gmail.com
2025-07-09 15:47:57,686 - WARNING - Login failed: User with email mahesmurari001@gmail.com not found
2025-07-09 15:48:09,701 - INFO - Login attempt for email: addepallinaveenkumar85@gmail.com
2025-07-09 15:48:09,706 - INFO - Login successful for email: addepallinaveenkumar85@gmail.com
2025-07-09 15:48:18,062 - INFO - Login attempt for email: maheshmurari001@gmail.com
2025-07-09 15:48:18,070 - INFO - Login successful for email: maheshmurari001@gmail.com
2025-07-09 15:53:28,200 - INFO - Login attempt for email: addepallinaveenkumar85@gmail.com
2025-07-09 15:53:28,206 - INFO - Login successful for email: addepallinaveenkumar85@gmail.com
2025-07-09 15:59:10,302 - INFO - Login attempt for email: ab@gmail.com
2025-07-09 15:59:10,304 - INFO - Login successful for email: ab@gmail.com
2025-07-09 16:04:06,663 - INFO - Login attempt for email: maheshmurari001@gmail.com
2025-07-09 16:04:06,668 - INFO - Login successful for email: maheshmurari001@gmail.com
2025-07-09 16:09:59,658 - INFO - Login attempt for email: addepallinaveenkumar85@gmail.com
2025-07-09 16:09:59,679 - INFO - Login successful for email: addepallinaveenkumar85@gmail.com
