2025-07-01 10:08:51,442 - INFO - Manual email triggered for JD ID 10 to maheshmurari001@gmail.com with 0 matches.
2025-07-01 10:08:51,443 - INFO - No recommended matches. Email will be sent without attachments.
2025-07-01 10:08:51,445 - INFO - Building HTML summary for 0 strong matches
2025-07-01 10:08:51,446 - INFO - No strong matches found for email summary
2025-07-01 10:08:55,075 - INFO - Email status: Email sent successfully to maheshmurari001@gmail.com
2025-07-01 10:08:55,176 - INFO - Email log entry saved to database.
2025-07-01 10:31:03,872 - INFO - Manual email triggered for JD ID 12 to maheshmurari001@gmail.com with 0 matches.
2025-07-01 10:31:03,874 - INFO - No recommended matches. Email will be sent without attachments.
2025-07-01 10:31:03,874 - INFO - Building HTML summary for 0 strong matches
2025-07-01 10:31:03,875 - INFO - No strong matches found for email summary
2025-07-01 10:31:07,655 - INFO - Email status: Email sent successfully to maheshmurari001@gmail.com
2025-07-01 10:31:07,667 - INFO - Email log entry saved to database.
2025-07-01 10:45:18,477 - INFO - Manual email triggered for JD ID 13 to maheshmurari001@gmail.com with 0 matches.
2025-07-01 10:45:18,478 - INFO - No recommended matches. Email will be sent without attachments.
2025-07-01 10:45:18,482 - INFO - Building HTML summary for 0 strong matches
2025-07-01 10:45:18,486 - INFO - No strong matches found for email summary
2025-07-01 10:45:21,881 - INFO - Email status: Email sent successfully to maheshmurari001@gmail.com
2025-07-01 10:45:21,898 - INFO - Email log entry saved to database.
2025-07-01 10:47:30,735 - INFO - Manual email triggered for JD ID 15 to maheshmurari001@gmail.com with 0 matches.
2025-07-01 10:47:30,736 - INFO - No recommended matches. Email will be sent without attachments.
2025-07-01 10:47:30,737 - INFO - Building HTML summary for 0 strong matches
2025-07-01 10:47:30,738 - INFO - No strong matches found for email summary
2025-07-01 10:47:34,036 - INFO - Email status: Email sent successfully to maheshmurari001@gmail.com
2025-07-01 10:47:34,046 - INFO - Email log entry saved to database.
2025-07-01 10:48:14,109 - INFO - Manual email triggered for JD ID 16 to maheshmurari001@gmail.com with 0 matches.
2025-07-01 10:48:14,109 - INFO - No recommended matches. Email will be sent without attachments.
2025-07-01 10:48:14,110 - INFO - Building HTML summary for 0 strong matches
2025-07-01 10:48:14,111 - INFO - No strong matches found for email summary
2025-07-01 10:48:17,403 - INFO - Email status: Email sent successfully to maheshmurari001@gmail.com
2025-07-01 10:48:17,416 - INFO - Email log entry saved to database.
